[2022-01-10 08:43:22Z INFO HostContext] No proxy settings were found based on environmental variables (http_proxy/https_proxy/HTTP_PROXY/HTTPS_PROXY)
[2022-01-10 08:43:22Z INFO HostContext] Well known directory 'Bin': 'E:\medisage\actions-runner\bin'
[2022-01-10 08:43:22Z INFO HostContext] Well known directory 'Root': 'E:\medisage\actions-runner'
[2022-01-10 08:43:22Z INFO HostContext] Well known config file 'Credentials': 'E:\medisage\actions-runner\.credentials'
[2022-01-10 08:43:22Z INFO HostContext] Well known directory 'Bin': 'E:\medisage\actions-runner\bin'
[2022-01-10 08:43:22Z INFO HostContext] Well known directory 'Root': 'E:\medisage\actions-runner'
[2022-01-10 08:43:22Z INFO HostContext] Well known config file 'Runner': 'E:\medisage\actions-runner\.runner'
[2022-01-10 08:43:22Z INFO Listener] Runner is built for Windows (X64) - win-x64.
[2022-01-10 08:43:22Z INFO Listener] RuntimeInformation: Microsoft Windows 10.0.19042.
[2022-01-10 08:43:22Z INFO Listener] Version: 2.285.1
[2022-01-10 08:43:22Z INFO Listener] Commit: 50afba61b40932c1084e31b5e9e7f5af325cc2ac
[2022-01-10 08:43:22Z INFO Listener] Culture: en-US
[2022-01-10 08:43:22Z INFO Listener] UI Culture: en-US
[2022-01-10 08:43:22Z INFO HostContext] Well known directory 'Bin': 'E:\medisage\actions-runner\bin'
[2022-01-10 08:43:22Z INFO HostContext] Well known directory 'Root': 'E:\medisage\actions-runner'
[2022-01-10 08:43:22Z INFO Listener] Validating directory permissions for: 'E:\medisage\actions-runner'
[2022-01-10 08:43:22Z INFO CommandLineParser] Parse
[2022-01-10 08:43:22Z INFO CommandLineParser] Parsing 1 args
[2022-01-10 08:43:22Z INFO CommandLineParser] parsing argument
[2022-01-10 08:43:22Z INFO CommandLineParser] HasArgs: False
[2022-01-10 08:43:22Z INFO CommandLineParser] Adding Command: run
[2022-01-10 08:43:22Z INFO Listener] Arguments parsed
[2022-01-10 08:43:22Z INFO Runner] ExecuteCommand
[2022-01-10 08:43:22Z INFO ConfigurationStore] currentAssemblyLocation: E:\medisage\actions-runner\bin\Runner.Listener.dll
[2022-01-10 08:43:22Z INFO HostContext] Well known directory 'Bin': 'E:\medisage\actions-runner\bin'
[2022-01-10 08:43:22Z INFO ConfigurationStore] binPath: E:\medisage\actions-runner\bin
[2022-01-10 08:43:22Z INFO HostContext] Well known directory 'Bin': 'E:\medisage\actions-runner\bin'
[2022-01-10 08:43:22Z INFO HostContext] Well known directory 'Root': 'E:\medisage\actions-runner'
[2022-01-10 08:43:22Z INFO ConfigurationStore] RootFolder: E:\medisage\actions-runner
[2022-01-10 08:43:22Z INFO HostContext] Well known directory 'Bin': 'E:\medisage\actions-runner\bin'
[2022-01-10 08:43:22Z INFO HostContext] Well known directory 'Root': 'E:\medisage\actions-runner'
[2022-01-10 08:43:22Z INFO HostContext] Well known config file 'Runner': 'E:\medisage\actions-runner\.runner'
[2022-01-10 08:43:22Z INFO ConfigurationStore] ConfigFilePath: E:\medisage\actions-runner\.runner
[2022-01-10 08:43:22Z INFO HostContext] Well known directory 'Bin': 'E:\medisage\actions-runner\bin'
[2022-01-10 08:43:22Z INFO HostContext] Well known directory 'Root': 'E:\medisage\actions-runner'
[2022-01-10 08:43:22Z INFO HostContext] Well known config file 'Credentials': 'E:\medisage\actions-runner\.credentials'
[2022-01-10 08:43:22Z INFO ConfigurationStore] CredFilePath: E:\medisage\actions-runner\.credentials
[2022-01-10 08:43:22Z INFO HostContext] Well known directory 'Bin': 'E:\medisage\actions-runner\bin'
[2022-01-10 08:43:22Z INFO HostContext] Well known directory 'Root': 'E:\medisage\actions-runner'
[2022-01-10 08:43:22Z INFO HostContext] Well known config file 'MigratedCredentials': 'E:\medisage\actions-runner\.credentials_migrated'
[2022-01-10 08:43:22Z INFO ConfigurationStore] MigratedCredFilePath: E:\medisage\actions-runner\.credentials_migrated
[2022-01-10 08:43:22Z INFO HostContext] Well known directory 'Bin': 'E:\medisage\actions-runner\bin'
[2022-01-10 08:43:22Z INFO HostContext] Well known directory 'Root': 'E:\medisage\actions-runner'
[2022-01-10 08:43:22Z INFO HostContext] Well known config file 'Service': 'E:\medisage\actions-runner\.service'
[2022-01-10 08:43:22Z INFO ConfigurationStore] ServiceConfigFilePath: E:\medisage\actions-runner\.service
[2022-01-10 08:43:22Z INFO CommandSettings] Flag 'help': 'False'
[2022-01-10 08:43:22Z INFO CommandSettings] Flag 'version': 'False'
[2022-01-10 08:43:22Z INFO CommandSettings] Flag 'commit': 'False'
[2022-01-10 08:43:22Z INFO CommandSettings] Flag 'check': 'False'
[2022-01-10 08:43:22Z INFO CommandSettings] Command 'configure': 'False'
[2022-01-10 08:43:22Z INFO CommandSettings] Command 'remove': 'False'
[2022-01-10 08:43:22Z INFO CommandSettings] Command 'warmup': 'False'
[2022-01-10 08:43:22Z INFO ConfigurationManager] LoadSettings
[2022-01-10 08:43:22Z INFO ConfigurationStore] IsConfigured()
[2022-01-10 08:43:22Z INFO ConfigurationStore] IsConfigured: True
[2022-01-10 08:43:22Z INFO ConfigurationManager] Is configured: True
[2022-01-10 08:43:22Z INFO ConfigurationStore] Read setting file: 303 chars
[2022-01-10 08:43:22Z INFO ConfigurationManager] Settings Loaded
[2022-01-10 08:43:22Z INFO ConfigurationStore] IsServiceConfigured()
[2022-01-10 08:43:22Z INFO ConfigurationStore] IsServiceConfigured: False
[2022-01-10 08:43:22Z INFO CommandSettings] Command 'run': 'True'
[2022-01-10 08:43:22Z INFO ConfigurationStore] IsConfigured()
[2022-01-10 08:43:22Z INFO ConfigurationStore] IsConfigured: True
[2022-01-10 08:43:22Z INFO ConfigurationManager] Is configured: True
[2022-01-10 08:43:22Z INFO Runner] Could not parse the argument value '' for StartupType. Defaulting to Manual
[2022-01-10 08:43:22Z INFO Runner] Set runner startup type - Manual
[2022-01-10 08:43:22Z INFO CommandSettings] Flag 'once': 'False'
[2022-01-10 08:43:22Z INFO CommandSettings] Flag 'once': 'False'
[2022-01-10 08:43:22Z INFO Runner] RunAsync
[2022-01-10 08:43:22Z INFO ConfigurationManager] LoadSettings
[2022-01-10 08:43:22Z INFO ConfigurationStore] IsConfigured()
[2022-01-10 08:43:22Z INFO ConfigurationStore] IsConfigured: True
[2022-01-10 08:43:22Z INFO ConfigurationManager] Is configured: True
[2022-01-10 08:43:22Z INFO ConfigurationManager] Settings Loaded
[2022-01-10 08:43:22Z INFO MessageListener] {
  "AgentId": 2,
  "AgentName": "DESKTOP-LJ550LC",
  "PoolId": 1,
  "PoolName": "Default",
  "ServerUrl": "https://pipelines.actions.githubusercontent.com/RTMhic4U29snVXmAo0mwIotqSmGNdtaCPwAMJPFX0ySye9wFp5",
  "GitHubUrl": "https://github.com/Shanawazkhan10/medisage",
  "WorkFolder": "_work"
}
[2022-01-10 08:43:22Z INFO MessageListener] Loading Credentials
[2022-01-10 08:43:22Z INFO ConfigurationStore] HasCredentials()
[2022-01-10 08:43:22Z INFO ConfigurationStore] stored True
[2022-01-10 08:43:22Z INFO CredentialManager] GetCredentialProvider
[2022-01-10 08:43:22Z INFO CredentialManager] Creating type OAuth
[2022-01-10 08:43:22Z INFO CredentialManager] Creating credential type: OAuth
[2022-01-10 08:43:22Z INFO HostContext] Well known directory 'Bin': 'E:\medisage\actions-runner\bin'
[2022-01-10 08:43:22Z INFO HostContext] Well known directory 'Root': 'E:\medisage\actions-runner'
[2022-01-10 08:43:22Z INFO HostContext] Well known config file 'RSACredentials': 'E:\medisage\actions-runner\.credentials_rsaparams'
[2022-01-10 08:43:22Z INFO RSAEncryptedFileKeyManager] Loading RSA key parameters from file E:\medisage\actions-runner\.credentials_rsaparams
[2022-01-10 08:43:22Z INFO MessageListener] Attempt to create session.
[2022-01-10 08:43:22Z INFO MessageListener] Connecting to the Runner Server...
[2022-01-10 08:43:22Z INFO RunnerServer] Establish connection with 100 seconds timeout.
[2022-01-10 08:43:22Z INFO GitHubActionsService] Starting operation Location.GetConnectionData
[2022-01-10 08:43:22Z INFO RunnerServer] Establish connection with 60 seconds timeout.
[2022-01-10 08:43:22Z INFO GitHubActionsService] Starting operation Location.GetConnectionData
[2022-01-10 08:43:22Z INFO RunnerServer] Establish connection with 60 seconds timeout.
[2022-01-10 08:43:22Z INFO GitHubActionsService] Starting operation Location.GetConnectionData
[2022-01-10 08:43:22Z INFO GitHubActionsService] Finished operation Location.GetConnectionData
[2022-01-10 08:43:22Z INFO GitHubActionsService] Finished operation Location.GetConnectionData
[2022-01-10 08:43:23Z INFO GitHubActionsService] Finished operation Location.GetConnectionData
[2022-01-10 08:43:23Z INFO MessageListener] VssConnection created
[2022-01-10 08:43:23Z INFO Terminal] WRITE LINE: 
[2022-01-10 08:43:23Z INFO Terminal] WRITE LINE: 
[2022-01-10 08:43:23Z WARN GitHubActionsService] Authentication failed with status code 401.
WWW-Authenticate: Bearer
Strict-Transport-Security: max-age=2592000
X-TFS-ProcessId: 0f467f4c-8830-4cc9-8f30-511cfc8f3bd8
ActivityId: d09bb996-2eaa-4244-ba00-6d0ddbb0555c
X-TFS-Session: 021ae092-2081-4e7d-835a-411bdba161cb
X-VSS-E2EID: 37ef3139-59af-4c3a-b9cd-528c92f4cded
X-VSS-SenderDeploymentId: 2c974d96-2c30-cef5-eff2-3e0511a903a5
X-TFS-ServiceError: The+user+%27System%3aPublicAccess%3baaaaaaaa-aaaa-aaaa-aaaa-aaaaaaaaaaaa%27+is+not+authorized+to+access+this+resource.
X-VSS-S2STargetService: 0000005A-0000-8888-8000-000000000000/visualstudio.com
X-Cache: CONFIG_NOCACHE
X-MSEdge-Ref: Ref A: 61EBE389748B4516B2AD3E4CC5686C3A Ref B: BOM02EDGE0714 Ref C: 2022-01-10T08:43:24Z
Date: Mon, 10 Jan 2022 08:43:24 GMT

[2022-01-10 08:43:23Z INFO RSAEncryptedFileKeyManager] Loading RSA key parameters from file E:\medisage\actions-runner\.credentials_rsaparams
[2022-01-10 08:43:23Z INFO RSAEncryptedFileKeyManager] Loading RSA key parameters from file E:\medisage\actions-runner\.credentials_rsaparams
[2022-01-10 08:43:24Z INFO GitHubActionsService] AAD Correlation ID for this token request: Unknown
[2022-01-10 08:43:25Z INFO MessageListener] Session created.
[2022-01-10 08:43:25Z INFO Terminal] WRITE LINE: Current runner version: '2.285.1'
[2022-01-10 08:43:25Z INFO Terminal] WRITE LINE: 2022-01-10 08:43:25Z: Listening for Jobs
[2022-01-10 08:43:25Z INFO JobDispatcher] Set runner/worker IPC timeout to 30 seconds.
[2022-01-10 08:44:07Z INFO RSAEncryptedFileKeyManager] Loading RSA key parameters from file E:\medisage\actions-runner\.credentials_rsaparams
[2022-01-10 08:44:07Z INFO MessageListener] Message '7' received from session '6b5041fa-e737-46f5-a99c-0d6e01904187'.
[2022-01-10 08:44:07Z INFO JobDispatcher] Job request 6 for plan cb6cb3f8-b19f-40cd-b672-9776791f76fe job 006c7e6f-00a1-57ff-4d9c-5871960fc9e4 received.
[2022-01-10 08:44:07Z INFO JobDispatcher] Pull OrchestrationId cb6cb3f8-b19f-40cd-b672-9776791f76fe.build._14_x from JWT claims
[2022-01-10 08:44:07Z INFO Terminal] WRITE LINE: 2022-01-10 08:44:07Z: Running job: build (14.x)
[2022-01-10 08:44:07Z INFO JobDispatcher] Start renew job request 6 for job 006c7e6f-00a1-57ff-4d9c-5871960fc9e4.
[2022-01-10 08:44:07Z INFO JobDispatcher] Successfully renew job request 6, job is valid till 1/10/2022 8:54:08 AM
[2022-01-10 08:44:07Z INFO HostContext] Well known directory 'Bin': 'E:\medisage\actions-runner\bin'
[2022-01-10 08:44:07Z INFO ProcessInvokerWrapper] Starting process:
[2022-01-10 08:44:07Z INFO ProcessInvokerWrapper]   File name: 'E:\medisage\actions-runner\bin\Runner.Worker.exe'
[2022-01-10 08:44:07Z INFO ProcessInvokerWrapper]   Arguments: 'spawnclient 1640 1800'
[2022-01-10 08:44:07Z INFO ProcessInvokerWrapper]   Working directory: 'E:\medisage\actions-runner\bin'
[2022-01-10 08:44:07Z INFO ProcessInvokerWrapper]   Require exit code zero: 'False'
[2022-01-10 08:44:07Z INFO ProcessInvokerWrapper]   Encoding web name:  ; code page: ''
[2022-01-10 08:44:07Z INFO ProcessInvokerWrapper]   Force kill process on cancellation: 'True'
[2022-01-10 08:44:07Z INFO ProcessInvokerWrapper]   Redirected STDIN: 'False'
[2022-01-10 08:44:07Z INFO ProcessInvokerWrapper]   Persist current code page: 'False'
[2022-01-10 08:44:07Z INFO ProcessInvokerWrapper]   Keep redirected STDIN open: 'False'
[2022-01-10 08:44:07Z INFO ProcessInvokerWrapper]   High priority process: 'True'
[2022-01-10 08:44:08Z INFO ProcessInvokerWrapper] Process started with process id 8220, waiting for process exit.
[2022-01-10 08:44:08Z INFO JobDispatcher] Send job request message to worker for job 006c7e6f-00a1-57ff-4d9c-5871960fc9e4.
[2022-01-10 08:44:08Z INFO ProcessChannel] Sending message of length 20614, with hash 'd50d3d4110b2b52dc373944d2cf28bde587bb10c082284fd4d523794b99af1b4'
[2022-01-10 08:44:08Z INFO JobNotification] Entering JobStarted Notification
[2022-01-10 08:44:08Z INFO JobNotification] Entering StartMonitor
[2022-01-10 08:45:08Z INFO JobDispatcher] Successfully renew job request 6, job is valid till 1/10/2022 8:55:09 AM
[2022-01-10 08:46:08Z INFO JobDispatcher] Successfully renew job request 6, job is valid till 1/10/2022 8:56:09 AM
[2022-01-10 08:47:08Z INFO JobDispatcher] Successfully renew job request 6, job is valid till 1/10/2022 8:57:09 AM
[2022-01-10 08:48:09Z INFO JobDispatcher] Successfully renew job request 6, job is valid till 1/10/2022 8:58:09 AM
[2022-01-10 08:48:45Z INFO ProcessInvokerWrapper] STDOUT/STDERR stream read finished.
[2022-01-10 08:48:45Z INFO ProcessInvokerWrapper] STDOUT/STDERR stream read finished.
[2022-01-10 08:48:45Z INFO ProcessInvokerWrapper] Finished process 8220 with exit code 102, and elapsed time 00:04:37.5508637.
[2022-01-10 08:48:45Z INFO JobDispatcher] Worker finished for job 006c7e6f-00a1-57ff-4d9c-5871960fc9e4. Code: 102
[2022-01-10 08:48:45Z INFO JobDispatcher] finish job request for job 006c7e6f-00a1-57ff-4d9c-5871960fc9e4 with result: Failed
[2022-01-10 08:48:45Z INFO Terminal] WRITE LINE: 2022-01-10 08:48:45Z: Job build (14.x) completed with result: Failed
[2022-01-10 08:48:45Z INFO JobDispatcher] Stop renew job request for job 006c7e6f-00a1-57ff-4d9c-5871960fc9e4.
[2022-01-10 08:48:45Z INFO JobDispatcher] job renew has been canceled, stop renew job request 6.
[2022-01-10 08:48:45Z INFO JobNotification] Entering JobCompleted Notification
[2022-01-10 08:48:45Z INFO JobNotification] Entering EndMonitor
[2022-01-10 08:51:47Z INFO RSAEncryptedFileKeyManager] Loading RSA key parameters from file E:\medisage\actions-runner\.credentials_rsaparams
[2022-01-10 08:51:47Z INFO MessageListener] Message '8' received from session '6b5041fa-e737-46f5-a99c-0d6e01904187'.
[2022-01-10 08:51:47Z INFO JobDispatcher] Job request 7 for plan 61dacf4f-b9f9-4329-80ab-00f07e0262a3 job 006c7e6f-00a1-57ff-4d9c-5871960fc9e4 received.
[2022-01-10 08:51:47Z INFO JobDispatcher] Pull OrchestrationId 61dacf4f-b9f9-4329-80ab-00f07e0262a3.build._14_x from JWT claims
[2022-01-10 08:51:47Z INFO JobDispatcher] Job request 006c7e6f-00a1-57ff-4d9c-5871960fc9e4 processed succeed.
[2022-01-10 08:51:47Z INFO Terminal] WRITE LINE: 2022-01-10 08:51:47Z: Running job: build (14.x)
[2022-01-10 08:51:47Z INFO JobDispatcher] Start renew job request 7 for job 006c7e6f-00a1-57ff-4d9c-5871960fc9e4.
[2022-01-10 08:51:48Z INFO JobDispatcher] Successfully renew job request 7, job is valid till 1/10/2022 9:01:48 AM
[2022-01-10 08:51:48Z INFO HostContext] Well known directory 'Bin': 'E:\medisage\actions-runner\bin'
[2022-01-10 08:51:48Z INFO ProcessInvokerWrapper] Starting process:
[2022-01-10 08:51:48Z INFO ProcessInvokerWrapper]   File name: 'E:\medisage\actions-runner\bin\Runner.Worker.exe'
[2022-01-10 08:51:48Z INFO ProcessInvokerWrapper]   Arguments: 'spawnclient 2360 2372'
[2022-01-10 08:51:48Z INFO ProcessInvokerWrapper]   Working directory: 'E:\medisage\actions-runner\bin'
[2022-01-10 08:51:48Z INFO ProcessInvokerWrapper]   Require exit code zero: 'False'
[2022-01-10 08:51:48Z INFO ProcessInvokerWrapper]   Encoding web name:  ; code page: ''
[2022-01-10 08:51:48Z INFO ProcessInvokerWrapper]   Force kill process on cancellation: 'True'
[2022-01-10 08:51:48Z INFO ProcessInvokerWrapper]   Redirected STDIN: 'False'
[2022-01-10 08:51:48Z INFO ProcessInvokerWrapper]   Persist current code page: 'False'
[2022-01-10 08:51:48Z INFO ProcessInvokerWrapper]   Keep redirected STDIN open: 'False'
[2022-01-10 08:51:48Z INFO ProcessInvokerWrapper]   High priority process: 'True'
[2022-01-10 08:51:48Z INFO ProcessInvokerWrapper] Process started with process id 6320, waiting for process exit.
[2022-01-10 08:51:48Z INFO JobDispatcher] Send job request message to worker for job 006c7e6f-00a1-57ff-4d9c-5871960fc9e4.
[2022-01-10 08:51:48Z INFO ProcessChannel] Sending message of length 20348, with hash 'cc260bcb683780acb8aa29cdacde69c3d3692a4c4319ff6f859af011b6124cc2'
[2022-01-10 08:51:48Z INFO JobNotification] Entering JobStarted Notification
[2022-01-10 08:51:48Z INFO JobNotification] Entering StartMonitor
[2022-01-10 08:52:26Z INFO ProcessInvokerWrapper] STDOUT/STDERR stream read finished.
[2022-01-10 08:52:26Z INFO ProcessInvokerWrapper] STDOUT/STDERR stream read finished.
[2022-01-10 08:52:26Z INFO ProcessInvokerWrapper] Finished process 6320 with exit code 102, and elapsed time 00:00:38.7447607.
[2022-01-10 08:52:26Z INFO JobDispatcher] Worker finished for job 006c7e6f-00a1-57ff-4d9c-5871960fc9e4. Code: 102
[2022-01-10 08:52:26Z INFO JobDispatcher] finish job request for job 006c7e6f-00a1-57ff-4d9c-5871960fc9e4 with result: Failed
[2022-01-10 08:52:26Z INFO Terminal] WRITE LINE: 2022-01-10 08:52:26Z: Job build (14.x) completed with result: Failed
[2022-01-10 08:52:26Z INFO JobDispatcher] Stop renew job request for job 006c7e6f-00a1-57ff-4d9c-5871960fc9e4.
[2022-01-10 08:52:26Z INFO JobDispatcher] job renew has been canceled, stop renew job request 7.
[2022-01-10 08:52:26Z INFO JobNotification] Entering JobCompleted Notification
[2022-01-10 08:52:26Z INFO JobNotification] Entering EndMonitor
